Using pre-set license
Built from '2020.3/staging' branch; Version is '2020.3.25f1 (9b9180224418) revision 10195328'; Using compiler version '192528614'; Build Type 'Release'
OS: 'Windows 10  (10.0.19042) 64bit Professional' Language: 'ru' Physical Memory: 8145 MB
BatchMode: 1, IsHumanControllingUs: 0, StartBugReporterOnCrash: 0, Is64bit: 1, IsPro: 0

COMMAND LINE ARGUMENTS:
E:\Unity\Editor\2020.3.25f1\Editor\Unity.exe
-adb2
-batchMode
-noUpm
-name
AssetImportWorker0
-projectPath
E:/OneDrive/Documents/BogdanInvasion
-logFile
Logs/AssetImportWorker0.log
-srvPort
63131
Successfully changed project path to: E:/OneDrive/Documents/BogdanInvasion
E:/OneDrive/Documents/BogdanInvasion
Using Asset Import Pipeline V2.
Refreshing native plugins compatible for Editor in 42.45 ms, found 2 plugins.
Preloading 0 native plugins for Editor in 0.00 ms.
Initialize engine version: 2020.3.25f1 (9b9180224418)
[Subsystems] Discovering subsystems at path E:/Unity/Editor/2020.3.25f1/Editor/Data/Resources/UnitySubsystems
[Subsystems] Discovering subsystems at path E:/OneDrive/Documents/BogdanInvasion/Assets
GfxDevice: creating device client; threaded=0
Direct3D:
    Version:  Direct3D 11.0 [level 11.1]
    Renderer: NVIDIA GeForce GTX 1050 Ti (ID=0x1c82)
    Vendor:   
    VRAM:     4018 MB
    Driver:   27.21.14.5751
Initialize mono
Mono path[0] = 'E:/Unity/Editor/2020.3.25f1/Editor/Data/Managed'
Mono path[1] = 'E:/Unity/Editor/2020.3.25f1/Editor/Data/MonoBleedingEdge/lib/mono/unityjit'
Mono config path = 'E:/Unity/Editor/2020.3.25f1/Editor/Data/MonoBleedingEdge/etc'
Using monoOptions --debugger-agent=transport=dt_socket,embedding=1,server=y,suspend=n,address=127.0.0.1:56668
Begin MonoManager ReloadAssembly
Registering precompiled unity dll's ...
Register platform support module: E:/Unity/Editor/2020.3.25f1/Editor/Data/PlaybackEngines/WindowsStandaloneSupport/UnityEditor.WindowsStandalone.Extensions.dll
Registered in 0.001672 seconds.
Native extension for WindowsStandalone target not found
Refreshing native plugins compatible for Editor in 34.40 ms, found 2 plugins.
Preloading 0 native plugins for Editor in 0.00 ms.
Mono: successfully reloaded assembly
- Completed reload, in  0.640 seconds
Domain Reload Profiling:
	ReloadAssembly (641ms)
		BeginReloadAssembly (60ms)
			ExecutionOrderSort (0ms)
			DisableScriptedObjects (0ms)
			BackupInstance (0ms)
			ReleaseScriptingObjects (0ms)
			CreateAndSetChildDomain (1ms)
		EndReloadAssembly (501ms)
			LoadAssemblies (58ms)
			RebuildTransferFunctionScriptingTraits (0ms)
			SetupTypeCache (175ms)
			ReleaseScriptCaches (0ms)
			RebuildScriptCaches (35ms)
			SetupLoadedEditorAssemblies (179ms)
				LogAssemblyErrors (0ms)
				InitializePlatformSupportModulesInManaged (5ms)
				SetLoadedEditorAssemblies (0ms)
				RefreshPlugins (34ms)
				BeforeProcessingInitializeOnLoad (18ms)
				ProcessInitializeOnLoadAttributes (90ms)
				ProcessInitializeOnLoadMethodAttributes (31ms)
				AfterProcessingInitializeOnLoad (0ms)
				EditorAssembliesLoaded (0ms)
			ExecutionOrderSort2 (0ms)
			AwakeInstancesAfterBackupRestoration (0ms)
Platform modules already initialized, skipping
Registering precompiled user dll's ...
Registered in 0.004707 seconds.
Begin MonoManager ReloadAssembly
Native extension for WindowsStandalone target not found
Refreshing native plugins compatible for Editor in 0.38 ms, found 2 plugins.
Preloading 0 native plugins for Editor in 0.00 ms.
Mono: successfully reloaded assembly
- Completed reload, in  1.421 seconds
Domain Reload Profiling:
	ReloadAssembly (1422ms)
		BeginReloadAssembly (332ms)
			ExecutionOrderSort (0ms)
			DisableScriptedObjects (8ms)
			BackupInstance (0ms)
			ReleaseScriptingObjects (0ms)
			CreateAndSetChildDomain (32ms)
		EndReloadAssembly (1022ms)
			LoadAssemblies (127ms)
			RebuildTransferFunctionScriptingTraits (0ms)
			SetupTypeCache (366ms)
			ReleaseScriptCaches (0ms)
			RebuildScriptCaches (62ms)
			SetupLoadedEditorAssemblies (376ms)
				LogAssemblyErrors (0ms)
				InitializePlatformSupportModulesInManaged (6ms)
				SetLoadedEditorAssemblies (1ms)
				RefreshPlugins (0ms)
				BeforeProcessingInitializeOnLoad (109ms)
				ProcessInitializeOnLoadAttributes (243ms)
				ProcessInitializeOnLoadMethodAttributes (11ms)
				AfterProcessingInitializeOnLoad (6ms)
				EditorAssembliesLoaded (0ms)
			ExecutionOrderSort2 (0ms)
			AwakeInstancesAfterBackupRestoration (7ms)
Platform modules already initialized, skipping
========================================================================
Worker process is ready to serve import requests
Launched and connected shader compiler UnityShaderCompiler.exe after 0.16 seconds
Refreshing native plugins compatible for Editor in 0.37 ms, found 2 plugins.
Preloading 0 native plugins for Editor in 0.00 ms.
Unloading 1500 Unused Serialized files (Serialized files now loaded: 0)
System memory in use before: 67.5 MB.
System memory in use after: 67.5 MB.

Unloading 19 unused Assets to reduce memory usage. Loaded Objects now: 1932.
Total: 3.416200 ms (FindLiveObjects: 0.175300 ms CreateObjectMapping: 0.055100 ms MarkObjects: 3.111900 ms  DeleteObjects: 0.072500 ms)

AssetImportParameters requested are different than current active one (requested -> active):
  custom:framework-win-MediaFoundation: 216162199b28c13a410421893ffa2e32 -> 
  custom:video-decoder-ogg-theora: a1e56fd34408186e4bbccfd4996cb3dc -> 
  custom:container-muxer-webm: aa71ff27fc2769a1b78a27578f13a17b -> 
  custom:container-demuxer-webm: 4f35f7cbe854078d1ac9338744f61a02 -> 
  custom:container-demuxer-ogg: 62fdf1f143b41e24485cea50d1cbac27 -> 
  custom:video-encoder-webm-vp8: eb34c28f22e8b96e1ab97ce403110664 -> 
  custom:video-decoder-webm-vp8: 9c59270c3fd7afecdb556c50c9e8de78 -> 
  custom:audio-decoder-ogg-vorbis: bf7c407c2cedff20999df2af8eb42d56 -> 
  custom:audio-encoder-webm-vorbis: bf7c407c2cedff20999df2af8eb42d56 -> 
========================================================================
Received Import Request.
  path: Assets/Graphics
  artifactKey: Guid(552a38f888f3ab94e830a128db7a163f) Importer(815301076,1909f56bfc062723c751e8b465ee728b)
Start importing Assets/Graphics using Guid(552a38f888f3ab94e830a128db7a163f) Importer(815301076,1909f56bfc062723c751e8b465ee728b)  -> (artifact id: '345617a703fc97c772b2e45ece712849') in 0.010103 seconds 
  Import took 0.027141 seconds .

========================================================================
Received Import Request.
  Time since last request: 0.000276 seconds.
  path: Assets/Graphics/Models
  artifactKey: Guid(98bba6fe22b89a24dbd9dbd985fddea8) Importer(815301076,1909f56bfc062723c751e8b465ee728b)
Start importing Assets/Graphics/Models using Guid(98bba6fe22b89a24dbd9dbd985fddea8) Importer(815301076,1909f56bfc062723c751e8b465ee728b)  -> (artifact id: 'd3e2af796dfa442d061eb220b89cf145') in 0.014187 seconds 
  Import took 0.016917 seconds .

========================================================================
Received Import Request.
  Time since last request: 0.000201 seconds.
  path: Assets/Graphics/Models/soldier.fbx
  artifactKey: Guid(60c7e0ab2141bd242a4e6c96ed9dc2a5) Importer(815301076,1909f56bfc062723c751e8b465ee728b)
Start importing Assets/Graphics/Models/soldier.fbx using Guid(60c7e0ab2141bd242a4e6c96ed9dc2a5) Importer(815301076,1909f56bfc062723c751e8b465ee728b)  -> (artifact id: '7a1009b431a95c21bb115e46846df567') in 0.837242 seconds 
  Import took 0.847966 seconds .

========================================================================
Received Import Request.
  Time since last request: 227.025316 seconds.
  path: Assets/Graphics/Models/soldier.fbx
  artifactKey: Guid(60c7e0ab2141bd242a4e6c96ed9dc2a5) Importer(815301076,1909f56bfc062723c751e8b465ee728b)
Start importing Assets/Graphics/Models/soldier.fbx using Guid(60c7e0ab2141bd242a4e6c96ed9dc2a5) Importer(815301076,1909f56bfc062723c751e8b465ee728b)  -> (artifact id: 'e277ee1fde8b25ba4aca9eb780f8a865') in 0.172725 seconds 
  Import took 0.190465 seconds .

========================================================================
Received Import Request.
  Time since last request: 38.785715 seconds.
  path: Assets/Graphics/Models/soldier.fbx
  artifactKey: Guid(60c7e0ab2141bd242a4e6c96ed9dc2a5) Importer(815301076,1909f56bfc062723c751e8b465ee728b)
Start importing Assets/Graphics/Models/soldier.fbx using Guid(60c7e0ab2141bd242a4e6c96ed9dc2a5) Importer(815301076,1909f56bfc062723c751e8b465ee728b)  -> (artifact id: '5668e032c0210ff3cf451749077e3247') in 0.110772 seconds 
  Import took 0.114297 seconds .

========================================================================
Received Import Request.
  Time since last request: 2.369285 seconds.
  path: Assets/Graphics/Models/Materials
  artifactKey: Guid(3fd1ecfb0536944449d1b65871adfb40) Importer(815301076,1909f56bfc062723c751e8b465ee728b)
Start importing Assets/Graphics/Models/Materials using Guid(3fd1ecfb0536944449d1b65871adfb40) Importer(815301076,1909f56bfc062723c751e8b465ee728b)  -> (artifact id: '8268940a31a664c052398e48e5e5049a') in 0.010650 seconds 
  Import took 0.014190 seconds .

========================================================================
Received Import Request.
  Time since last request: 0.069855 seconds.
  path: Assets/Graphics/Models/Materials/Armor.mat
  artifactKey: Guid(3bd564e066580d6409847b083d5c7662) Importer(815301076,1909f56bfc062723c751e8b465ee728b)
Start importing Assets/Graphics/Models/Materials/Armor.mat using Guid(3bd564e066580d6409847b083d5c7662) Importer(815301076,1909f56bfc062723c751e8b465ee728b)  -> (artifact id: '5297dfdd4b85be134d9e9b364039fe7a') in 0.017220 seconds 
  Import took 0.020335 seconds .

========================================================================
Received Import Request.
  Time since last request: 0.000277 seconds.
  path: Assets/Graphics/Models/Materials/Backpack.mat
  artifactKey: Guid(44e596e197d8d664c9ba61e4a92b2e8a) Importer(815301076,1909f56bfc062723c751e8b465ee728b)
Start importing Assets/Graphics/Models/Materials/Backpack.mat using Guid(44e596e197d8d664c9ba61e4a92b2e8a) Importer(815301076,1909f56bfc062723c751e8b465ee728b)  -> (artifact id: '092de7557818e43e2750e63fd019b27e') in 0.016432 seconds 
  Import took 0.019348 seconds .

========================================================================
Received Import Request.
  Time since last request: 0.000269 seconds.
  path: Assets/Graphics/Models/Materials/Gray.mat
  artifactKey: Guid(466b5d55a3d21f046a1fb15ee60fed92) Importer(815301076,1909f56bfc062723c751e8b465ee728b)
Start importing Assets/Graphics/Models/Materials/Gray.mat using Guid(466b5d55a3d21f046a1fb15ee60fed92) Importer(815301076,1909f56bfc062723c751e8b465ee728b)  -> (artifact id: 'f033ef5ee0ad03bef034d549780e25be') in 0.015644 seconds 
  Import took 0.019181 seconds .

========================================================================
Received Import Request.
  Time since last request: 0.000293 seconds.
  path: Assets/Graphics/Models/Materials/MetalGray.mat
  artifactKey: Guid(a514583d798c70e4d9f2d86ec6a179cb) Importer(815301076,1909f56bfc062723c751e8b465ee728b)
Start importing Assets/Graphics/Models/Materials/MetalGray.mat using Guid(a514583d798c70e4d9f2d86ec6a179cb) Importer(815301076,1909f56bfc062723c751e8b465ee728b)  -> (artifact id: 'f806ff4c02d83c83bd236c390b89cea1') in 0.015421 seconds 
  Import took 0.018454 seconds .

========================================================================
Received Import Request.
  Time since last request: 0.000271 seconds.
  path: Assets/Graphics/Models/Materials/Boot.mat
  artifactKey: Guid(98129a7be6bfbd6489def086b04f2844) Importer(815301076,1909f56bfc062723c751e8b465ee728b)
Start importing Assets/Graphics/Models/Materials/Boot.mat using Guid(98129a7be6bfbd6489def086b04f2844) Importer(815301076,1909f56bfc062723c751e8b465ee728b)  -> (artifact id: '64ebd1360162d7da73f969eb86924a8e') in 0.020022 seconds 
  Import took 0.022904 seconds .

========================================================================
Received Import Request.
  Time since last request: 0.000240 seconds.
  path: Assets/Graphics/Models/Materials/Gloves.mat
  artifactKey: Guid(ea51a85889c4a0641a7541f967ec2cd3) Importer(815301076,1909f56bfc062723c751e8b465ee728b)
Start importing Assets/Graphics/Models/Materials/Gloves.mat using Guid(ea51a85889c4a0641a7541f967ec2cd3) Importer(815301076,1909f56bfc062723c751e8b465ee728b)  -> (artifact id: 'e5b18309ccbd83a3109ba67920380f1e') in 0.015932 seconds 
  Import took 0.019227 seconds .

========================================================================
Received Import Request.
  Time since last request: 0.000332 seconds.
  path: Assets/Graphics/Models/Materials/Helmet.mat
  artifactKey: Guid(bba60a8faae339f408dd435dea9ba297) Importer(815301076,1909f56bfc062723c751e8b465ee728b)
Start importing Assets/Graphics/Models/Materials/Helmet.mat using Guid(bba60a8faae339f408dd435dea9ba297) Importer(815301076,1909f56bfc062723c751e8b465ee728b)  -> (artifact id: '106221f587928163394de7b362095ab8') in 0.015624 seconds 
  Import took 0.018740 seconds .

========================================================================
Received Import Request.
  Time since last request: 0.000249 seconds.
  path: Assets/Graphics/Models/Materials/Cloth.mat
  artifactKey: Guid(e1d8c82765d91ac49ad66b479e97669c) Importer(815301076,1909f56bfc062723c751e8b465ee728b)
Start importing Assets/Graphics/Models/Materials/Cloth.mat using Guid(e1d8c82765d91ac49ad66b479e97669c) Importer(815301076,1909f56bfc062723c751e8b465ee728b)  -> (artifact id: '5a379205a17d78cf7e4a577423d89b6f') in 0.013441 seconds 
  Import took 0.016900 seconds .

========================================================================
Received Import Request.
  Time since last request: 0.000216 seconds.
  path: Assets/Graphics/Models/Materials/Skin.mat
  artifactKey: Guid(0b1a24a69a4a27c408618cec94bbb879) Importer(815301076,1909f56bfc062723c751e8b465ee728b)
Start importing Assets/Graphics/Models/Materials/Skin.mat using Guid(0b1a24a69a4a27c408618cec94bbb879) Importer(815301076,1909f56bfc062723c751e8b465ee728b)  -> (artifact id: '51c946df4dd4f0aa70f98e81fae1e2c3') in 0.015479 seconds 
  Import took 0.018342 seconds .

========================================================================
Received Import Request.
  Time since last request: 0.000176 seconds.
  path: Assets/Graphics/Models/Materials/Shoulders1.mat
  artifactKey: Guid(022c26e718eaab345a6d8c33e4501a70) Importer(815301076,1909f56bfc062723c751e8b465ee728b)
Start importing Assets/Graphics/Models/Materials/Shoulders1.mat using Guid(022c26e718eaab345a6d8c33e4501a70) Importer(815301076,1909f56bfc062723c751e8b465ee728b)  -> (artifact id: '54bf807cc841fbf87200ac993b9e51da') in 0.016054 seconds 
  Import took 0.019527 seconds .

========================================================================
Received Import Request.
  Time since last request: 0.000187 seconds.
  path: Assets/Graphics/Models/Materials/Shoulders2.mat
  artifactKey: Guid(e1004baa71aba394ab7cbecb90309699) Importer(815301076,1909f56bfc062723c751e8b465ee728b)
Start importing Assets/Graphics/Models/Materials/Shoulders2.mat using Guid(e1004baa71aba394ab7cbecb90309699) Importer(815301076,1909f56bfc062723c751e8b465ee728b)  -> (artifact id: '3de5750a28c43935adbb051995735e45') in 0.014501 seconds 
  Import took 0.019183 seconds .

========================================================================
Received Import Request.
  Time since last request: 0.000184 seconds.
  path: Assets/Graphics/Models/Materials/MetalDark.mat
  artifactKey: Guid(08ed673de6571d44f972cc16d030b5a5) Importer(815301076,1909f56bfc062723c751e8b465ee728b)
Start importing Assets/Graphics/Models/Materials/MetalDark.mat using Guid(08ed673de6571d44f972cc16d030b5a5) Importer(815301076,1909f56bfc062723c751e8b465ee728b)  -> (artifact id: '66a45a386cc521e2535363d58751313d') in 0.015085 seconds 
  Import took 0.018529 seconds .

========================================================================
Received Import Request.
  Time since last request: 38.791920 seconds.
  path: Assets/Graphics/Models/Materials/Backpack.mat
  artifactKey: Guid(44e596e197d8d664c9ba61e4a92b2e8a) Importer(815301076,1909f56bfc062723c751e8b465ee728b)
Start importing Assets/Graphics/Models/Materials/Backpack.mat using Guid(44e596e197d8d664c9ba61e4a92b2e8a) Importer(815301076,1909f56bfc062723c751e8b465ee728b)  -> (artifact id: '974e1be7976a0b3262661827dd5de64e') in 0.016894 seconds 
  Import took 0.032621 seconds .

========================================================================
Received Import Request.
  Time since last request: 0.000248 seconds.
  path: Assets/Graphics/Models/Materials/Cloth.mat
  artifactKey: Guid(e1d8c82765d91ac49ad66b479e97669c) Importer(815301076,1909f56bfc062723c751e8b465ee728b)
Start importing Assets/Graphics/Models/Materials/Cloth.mat using Guid(e1d8c82765d91ac49ad66b479e97669c) Importer(815301076,1909f56bfc062723c751e8b465ee728b)  -> (artifact id: '851bc142eab181ab1b2a39d6f919a711') in 0.014029 seconds 
  Import took 0.017606 seconds .

========================================================================
Received Import Request.
  Time since last request: 164.586311 seconds.
  path: Assets/Graphics/Models/soldier.fbx
  artifactKey: Guid(60c7e0ab2141bd242a4e6c96ed9dc2a5) Importer(815301076,1909f56bfc062723c751e8b465ee728b)
Start importing Assets/Graphics/Models/soldier.fbx using Guid(60c7e0ab2141bd242a4e6c96ed9dc2a5) Importer(815301076,1909f56bfc062723c751e8b465ee728b)  -> (artifact id: '25a8229106e9ac213b846ecdf267be5b') in 0.105379 seconds 
  Import took 0.108827 seconds .

========================================================================
Received Import Request.
  Time since last request: 53.229233 seconds.
  path: Assets/Graphics/Models/soldier.fbx
  artifactKey: Guid(60c7e0ab2141bd242a4e6c96ed9dc2a5) Importer(815301076,1909f56bfc062723c751e8b465ee728b)
Start importing Assets/Graphics/Models/soldier.fbx using Guid(60c7e0ab2141bd242a4e6c96ed9dc2a5) Importer(815301076,1909f56bfc062723c751e8b465ee728b)  -> (artifact id: '826f209afc645c9933a49f1dbaa7e07f') in 0.104073 seconds 
  Import took 0.107561 seconds .

========================================================================
Received Prepare
Registering precompiled user dll's ...
Registered in 0.006436 seconds.
Begin MonoManager ReloadAssembly
Native extension for WindowsStandalone target not found
Refreshing native plugins compatible for Editor in 0.38 ms, found 2 plugins.
Preloading 0 native plugins for Editor in 0.00 ms.
Mono: successfully reloaded assembly
- Completed reload, in  1.113 seconds
Domain Reload Profiling:
	ReloadAssembly (1113ms)
		BeginReloadAssembly (124ms)
			ExecutionOrderSort (0ms)
			DisableScriptedObjects (4ms)
			BackupInstance (0ms)
			ReleaseScriptingObjects (0ms)
			CreateAndSetChildDomain (38ms)
		EndReloadAssembly (924ms)
			LoadAssemblies (89ms)
			RebuildTransferFunctionScriptingTraits (0ms)
			SetupTypeCache (304ms)
			ReleaseScriptCaches (1ms)
			RebuildScriptCaches (41ms)
			SetupLoadedEditorAssemblies (370ms)
				LogAssemblyErrors (0ms)
				InitializePlatformSupportModulesInManaged (5ms)
				SetLoadedEditorAssemblies (1ms)
				RefreshPlugins (0ms)
				BeforeProcessingInitializeOnLoad (91ms)
				ProcessInitializeOnLoadAttributes (258ms)
				ProcessInitializeOnLoadMethodAttributes (10ms)
				AfterProcessingInitializeOnLoad (6ms)
				EditorAssembliesLoaded (0ms)
			ExecutionOrderSort2 (0ms)
			AwakeInstancesAfterBackupRestoration (8ms)
Platform modules already initialized, skipping
Refreshing native plugins compatible for Editor in 0.64 ms, found 2 plugins.
Preloading 0 native plugins for Editor in 0.00 ms.
Unloading 1537 Unused Serialized files (Serialized files now loaded: 0)
System memory in use before: 73.3 MB.
System memory in use after: 73.4 MB.

Unloading 15 unused Assets to reduce memory usage. Loaded Objects now: 2020.
Total: 3.992000 ms (FindLiveObjects: 0.189800 ms CreateObjectMapping: 0.062300 ms MarkObjects: 3.648900 ms  DeleteObjects: 0.089500 ms)

AssetImportParameters requested are different than current active one (requested -> active):
  custom:framework-win-MediaFoundation: 216162199b28c13a410421893ffa2e32 -> 
  custom:video-decoder-ogg-theora: a1e56fd34408186e4bbccfd4996cb3dc -> 
  custom:container-muxer-webm: aa71ff27fc2769a1b78a27578f13a17b -> 
  custom:container-demuxer-webm: 4f35f7cbe854078d1ac9338744f61a02 -> 
  custom:container-demuxer-ogg: 62fdf1f143b41e24485cea50d1cbac27 -> 
  custom:video-encoder-webm-vp8: eb34c28f22e8b96e1ab97ce403110664 -> 
  custom:video-decoder-webm-vp8: 9c59270c3fd7afecdb556c50c9e8de78 -> 
  custom:audio-decoder-ogg-vorbis: bf7c407c2cedff20999df2af8eb42d56 -> 
  custom:audio-encoder-webm-vorbis: bf7c407c2cedff20999df2af8eb42d56 -> 
========================================================================
Received Prepare
Registering precompiled user dll's ...
Registered in 0.008180 seconds.
Begin MonoManager ReloadAssembly
Native extension for WindowsStandalone target not found
Refreshing native plugins compatible for Editor in 0.58 ms, found 2 plugins.
Preloading 0 native plugins for Editor in 0.00 ms.
Mono: successfully reloaded assembly
- Completed reload, in  2.308 seconds
Domain Reload Profiling:
	ReloadAssembly (2308ms)
		BeginReloadAssembly (221ms)
			ExecutionOrderSort (0ms)
			DisableScriptedObjects (19ms)
			BackupInstance (0ms)
			ReleaseScriptingObjects (0ms)
			CreateAndSetChildDomain (52ms)
		EndReloadAssembly (1962ms)
			LoadAssemblies (204ms)
			RebuildTransferFunctionScriptingTraits (0ms)
			SetupTypeCache (574ms)
			ReleaseScriptCaches (2ms)
			RebuildScriptCaches (55ms)
			SetupLoadedEditorAssemblies (1003ms)
				LogAssemblyErrors (0ms)
				InitializePlatformSupportModulesInManaged (5ms)
				SetLoadedEditorAssemblies (1ms)
				RefreshPlugins (1ms)
				BeforeProcessingInitializeOnLoad (101ms)
				ProcessInitializeOnLoadAttributes (732ms)
				ProcessInitializeOnLoadMethodAttributes (151ms)
				AfterProcessingInitializeOnLoad (12ms)
				EditorAssembliesLoaded (0ms)
			ExecutionOrderSort2 (0ms)
			AwakeInstancesAfterBackupRestoration (8ms)
Platform modules already initialized, skipping
Refreshing native plugins compatible for Editor in 0.58 ms, found 2 plugins.
Preloading 0 native plugins for Editor in 0.00 ms.
Unloading 1964 Unused Serialized files (Serialized files now loaded: 0)
System memory in use before: 97.8 MB.
System memory in use after: 97.9 MB.

Unloading 22 unused Assets to reduce memory usage. Loaded Objects now: 2443.
Total: 3.590100 ms (FindLiveObjects: 0.183800 ms CreateObjectMapping: 0.079000 ms MarkObjects: 3.280000 ms  DeleteObjects: 0.046000 ms)

AssetImportParameters requested are different than current active one (requested -> active):
  custom:framework-win-MediaFoundation: 216162199b28c13a410421893ffa2e32 -> 
  custom:video-decoder-ogg-theora: a1e56fd34408186e4bbccfd4996cb3dc -> 
  custom:container-muxer-webm: aa71ff27fc2769a1b78a27578f13a17b -> 
  custom:container-demuxer-webm: 4f35f7cbe854078d1ac9338744f61a02 -> 
  custom:container-demuxer-ogg: 62fdf1f143b41e24485cea50d1cbac27 -> 
  custom:video-encoder-webm-vp8: eb34c28f22e8b96e1ab97ce403110664 -> 
  custom:video-decoder-webm-vp8: 9c59270c3fd7afecdb556c50c9e8de78 -> 
  custom:audio-decoder-ogg-vorbis: bf7c407c2cedff20999df2af8eb42d56 -> 
  custom:audio-encoder-webm-vorbis: bf7c407c2cedff20999df2af8eb42d56 -> 
AssetImportWorkerClient::OnTransportError - code=2 error=End of file
